<?xml version="1.0" encoding="UTF-8"?>
<!-- Generated by org.testng.reporters.JUnitReportReporter -->
<testsuite name="com.scripts.page.CreateEmployee" tests="2" time="28.766" ignored="6" failures="0" timestamp="16 Feb 2017 18:32:38 GMT" skipped="0" hostname="Lenovo" errors="0">
  <testcase name="testCreateEmployee" time="14.468" classname="com.scripts.page.CreateEmployee"/>
  <testcase name="testCreateEmployee" time="14.298" classname="com.scripts.page.CreateEmployee"/>
  <testcase name="initGlobalVar" classname="com.base.pages.BaseTest">
    <skipped/>
  </testcase> <!-- initGlobalVar -->
  <testcase name="publishReport" classname="com.base.pages.BaseTest">
    <skipped/>
  </testcase> <!-- publishReport -->
  <testcase name="initGlobalVar" classname="com.base.pages.BaseTest">
    <skipped/>
  </testcase> <!-- initGlobalVar -->
  <testcase name="publishReport" classname="com.base.pages.BaseTest">
    <skipped/>
  </testcase> <!-- publishReport -->
  <testcase name="initReport" classname="com.base.pages.BaseTest">
    <skipped/>
  </testcase> <!-- initReport -->
  <testcase name="initReport" classname="com.base.pages.BaseTest">
    <skipped/>
  </testcase> <!-- initReport -->
</testsuite> <!-- com.scripts.page.CreateEmployee -->
