<?xml version="1.0" encoding="UTF-8"?>
<!-- Generated by org.testng.reporters.JUnitReportReporter -->
<testsuite name="com.scripts.page.DeleteEmployee" tests="2" time="137.321" ignored="6" failures="0" timestamp="16 Feb 2017 18:32:38 GMT" skipped="0" hostname="Lenovo" errors="0">
  <testcase name="testDeleteEmployee" time="66.334" classname="com.scripts.page.DeleteEmployee"/>
  <testcase name="testDeleteEmployee" time="70.987" classname="com.scripts.page.DeleteEmployee"/>
  <testcase name="initGlobalVar" classname="com.base.pages.BaseTest">
    <skipped/>
  </testcase> <!-- initGlobalVar -->
  <testcase name="publishReport" classname="com.base.pages.BaseTest">
    <skipped/>
  </testcase> <!-- publishReport -->
  <testcase name="initGlobalVar" classname="com.base.pages.BaseTest">
    <skipped/>
  </testcase> <!-- initGlobalVar -->
  <testcase name="publishReport" classname="com.base.pages.BaseTest">
    <skipped/>
  </testcase> <!-- publishReport -->
  <testcase name="initReport" classname="com.base.pages.BaseTest">
    <skipped/>
  </testcase> <!-- initReport -->
  <testcase name="initReport" classname="com.base.pages.BaseTest">
    <skipped/>
  </testcase> <!-- initReport -->
</testsuite> <!-- com.scripts.page.DeleteEmployee -->
